<?xml version="1.0" encoding="UTF-8"?>
<testsuite xmlns:xsi="http://www.w3.org/2001/XMLSchema-instance" xsi:noNamespaceSchemaLocation="https://maven.apache.org/surefire/maven-surefire-plugin/xsd/surefire-test-report-3.0.xsd" version="3.0" name="WebAPIBOTest" time="44.244" tests="10" errors="10" skipped="0" failures="0">
  <properties>
[...]
</properties>
  <testcase name="test_L0WMHVTlCM2i_null" classname="WebAPIBOTest" time="7.274">
    <error message="Connection refused: connect" type="java.net.ConnectException">java.net.ConnectException: Connection refused: connect
	at WebAPIBOTest.test_L0WMHVTlCM2i_null(WebAPIBOTest.java:94)
</error>
    <system-out><![CDATA[Request method:	GET
Request URI:	http://localhost:8080/api/Category/629147793
Proxy:			<none>
Request params:	<none>
Query params:	<none>
Form params:	<none>
Path params:	id=629147793
Headers:		Accept=*/*
Cookies:		<none>
Multiparts:		<none>
Body:			<none>
]]></system-out>
    <system-err><![CDATA[log4j:WARN No appenders could be found for logger (org.apache.http.impl.conn.BasicClientConnectionManager).
log4j:WARN Please initialize the log4j system properly.
log4j:WARN See http://logging.apache.org/log4j/1.2/faq.html#noconfig for more info.
]]></system-err>
  </testcase>
  <testcase name="test_5yIm59OwlrvQ_null" classname="WebAPIBOTest" time="4.09">
    <error message="Connection refused: connect" type="java.net.ConnectException">java.net.ConnectException: Connection refused: connect
	at WebAPIBOTest.test_5yIm59OwlrvQ_null(WebAPIBOTest.java:114)
</error>
    <system-out><![CDATA[Request method:	GET
Request URI:	http://localhost:8080/api/Pet
Proxy:			<none>
Request params:	<none>
Query params:	<none>
Form params:	<none>
Path params:	<none>
Headers:		Accept=*/*
Cookies:		<none>
Multiparts:		<none>
Body:			<none>
]]></system-out>
  </testcase>
  <testcase name="test_mid4yMOrIZdP_null" classname="WebAPIBOTest" time="4.176">
    <error message="Connection refused: connect" type="java.net.ConnectException">java.net.ConnectException: Connection refused: connect
	at WebAPIBOTest.test_mid4yMOrIZdP_null(WebAPIBOTest.java:199)
</error>
    <system-out><![CDATA[Request method:	PUT
Request URI:	http://localhost:8080/api/PhotoUrl
Proxy:			<none>
Request params:	<none>
Query params:	<none>
Form params:	<none>
Path params:	<none>
Headers:		Accept=*/*
				Content-Type=application/json
Cookies:		<none>
Multiparts:		<none>
Body:
{
    "id": 1275333069,
    "url": "hBdgJf"
}
]]></system-out>
  </testcase>
  <testcase name="test_pv8ZQyUUZ3ph_null" classname="WebAPIBOTest" time="4.078">
    <error message="Connection refused: connect" type="java.net.ConnectException">java.net.ConnectException: Connection refused: connect
	at WebAPIBOTest.test_pv8ZQyUUZ3ph_null(WebAPIBOTest.java:29)
</error>
    <system-out><![CDATA[Request method:	GET
Request URI:	http://localhost:8080/api/Category
Proxy:			<none>
Request params:	<none>
Query params:	<none>
Form params:	<none>
Path params:	<none>
Headers:		Accept=*/*
Cookies:		<none>
Multiparts:		<none>
Body:			<none>
]]></system-out>
  </testcase>
  <testcase name="test_1D0hRJgsJyWS_null" classname="WebAPIBOTest" time="4.13">
    <error message="Connection refused: connect" type="java.net.ConnectException">java.net.ConnectException: Connection refused: connect
	at WebAPIBOTest.test_1D0hRJgsJyWS_null(WebAPIBOTest.java:73)
</error>
    <system-out><![CDATA[Request method:	PUT
Request URI:	http://localhost:8080/api/Category
Proxy:			<none>
Request params:	<none>
Query params:	<none>
Form params:	<none>
Path params:	<none>
Headers:		Accept=*/*
				Content-Type=application/json
Cookies:		<none>
Multiparts:		<none>
Body:
{
    "id": 664930309,
    "name": "JCqQ"
}
]]></system-out>
  </testcase>
  <testcase name="test_S7adXC9ofTzE_null" classname="WebAPIBOTest" time="4.063">
    <error message="Connection refused: connect" type="java.net.ConnectException">java.net.ConnectException: Connection refused: connect
	at WebAPIBOTest.test_S7adXC9ofTzE_null(WebAPIBOTest.java:155)
</error>
    <system-out><![CDATA[Request method:	GET
Request URI:	http://localhost:8080/api/PhotoUrl
Proxy:			<none>
Request params:	<none>
Query params:	<none>
Form params:	<none>
Path params:	<none>
Headers:		Accept=*/*
Cookies:		<none>
Multiparts:		<none>
Body:			<none>
]]></system-out>
  </testcase>
  <testcase name="test_gZ0hThQ5q7c4_null" classname="WebAPIBOTest" time="4.048">
    <error message="Connection refused: connect" type="java.net.ConnectException">java.net.ConnectException: Connection refused: connect
	at WebAPIBOTest.test_gZ0hThQ5q7c4_null(WebAPIBOTest.java:135)
</error>
    <system-out><![CDATA[Request method:	GET
Request URI:	http://localhost:8080/api/Pet/-1417408757
Proxy:			<none>
Request params:	<none>
Query params:	<none>
Form params:	<none>
Path params:	id=-1417408757
Headers:		Accept=*/*
Cookies:		<none>
Multiparts:		<none>
Body:			<none>
]]></system-out>
  </testcase>
  <testcase name="test_o8wBkfDmlzdm_null" classname="WebAPIBOTest" time="4.084">
    <error message="Connection refused: connect" type="java.net.ConnectException">java.net.ConnectException: Connection refused: connect
	at WebAPIBOTest.test_o8wBkfDmlzdm_null(WebAPIBOTest.java:220)
</error>
    <system-out><![CDATA[Request method:	GET
Request URI:	http://localhost:8080/api/PhotoUrl/522722107
Proxy:			<none>
Request params:	<none>
Query params:	<none>
Form params:	<none>
Path params:	id=522722107
Headers:		Accept=*/*
Cookies:		<none>
Multiparts:		<none>
Body:			<none>
]]></system-out>
  </testcase>
  <testcase name="test_QLZFoOKh8Qrw_null" classname="WebAPIBOTest" time="4.072">
    <error message="Connection refused: connect" type="java.net.ConnectException">java.net.ConnectException: Connection refused: connect
	at WebAPIBOTest.test_QLZFoOKh8Qrw_null(WebAPIBOTest.java:51)
</error>
    <system-out><![CDATA[Request method:	POST
Request URI:	http://localhost:8080/api/Category
Proxy:			<none>
Request params:	<none>
Query params:	<none>
Form params:	<none>
Path params:	<none>
Headers:		Accept=*/*
				Content-Type=application/json
Cookies:		<none>
Multiparts:		<none>
Body:
{
    "id": -102330788,
    "name": "InGKKLuEV"
}
]]></system-out>
  </testcase>
  <testcase name="test_CekSa4MHlulQ_null" classname="WebAPIBOTest" time="4.114">
    <error message="Connection refused: connect" type="java.net.ConnectException">java.net.ConnectException: Connection refused: connect
	at WebAPIBOTest.test_CekSa4MHlulQ_null(WebAPIBOTest.java:177)
</error>
    <system-out><![CDATA[Request method:	POST
Request URI:	http://localhost:8080/api/PhotoUrl
Proxy:			<none>
Request params:	<none>
Query params:	<none>
Form params:	<none>
Path params:	<none>
Headers:		Accept=*/*
				Content-Type=application/json
Cookies:		<none>
Multiparts:		<none>
Body:
{
    "id": -1346236527,
    "url": "aFJROcT"
}
]]></system-out>
  </testcase>
</testsuite>