<?xml version="1.0" encoding="UTF-8"?>
<testsuite xmlns:xsi="http://www.w3.org/2001/XMLSchema-instance" xsi:noNamespaceSchemaLocation="https://maven.apache.org/surefire/maven-surefire-plugin/xsd/surefire-test-report-3.0.xsd" version="3.0" name="WebAPIBOTest" time="3.725" tests="10" errors="3" skipped="0" failures="7">
  <properties>
[...]
</properties>
  <testcase name="test_2EDO1XiER2wg_null" classname="WebAPIBOTest" time="3.178">
    <failure message="Target host is null" type="org.opentest4j.AssertionFailedError">org.opentest4j.AssertionFailedError: Target host is null
	at WebAPIBOTest.test_2EDO1XiER2wg_null(WebAPIBOTest.java:36)
</failure>
    <system-out><![CDATA[Request method:	GET
Request URI:	null/null/api/Category/null/null/api/Category
Proxy:			<none>
Request params:	<none>
Query params:	<none>
Form params:	<none>
Path params:	<none>
Headers:		Accept=*/*
Cookies:		<none>
Multiparts:		<none>
Body:			<none>
]]></system-out>
    <system-err><![CDATA[Target host is null
]]></system-err>
  </testcase>
  <testcase name="test_uzo11uXXw961_null" classname="WebAPIBOTest" time="0.037">
    <error message="Illegal character in path at index 18: null/null/api/Pet/{id}/null/null/api/Pet/1065621695" type="java.net.URISyntaxException">java.net.URISyntaxException: Illegal character in path at index 18: null/null/api/Pet/{id}/null/null/api/Pet/1065621695
	at WebAPIBOTest.test_uzo11uXXw961_null(WebAPIBOTest.java:145)
</error>
  </testcase>
  <testcase name="test_kJxVMlBmhWE9_null" classname="WebAPIBOTest" time="0.191">
    <failure message="Target host is null" type="org.opentest4j.AssertionFailedError">org.opentest4j.AssertionFailedError: Target host is null
	at WebAPIBOTest.test_kJxVMlBmhWE9_null(WebAPIBOTest.java:198)
</failure>
    <system-out><![CDATA[Request method:	POST
Request URI:	null/null/api/PhotoUrl/null/null/api/PhotoUrl
Proxy:			<none>
Request params:	<none>
Query params:	<none>
Form params:	<none>
Path params:	<none>
Headers:		Accept=*/*
				Content-Type=application/json
Cookies:		<none>
Multiparts:		<none>
Body:
{
    "id": 1592037208,
    "url": "JGt"
}
]]></system-out>
    <system-err><![CDATA[Target host is null
]]></system-err>
  </testcase>
  <testcase name="test_8M8IkUbRha7H_null" classname="WebAPIBOTest" time="0.04">
    <failure message="Target host is null" type="org.opentest4j.AssertionFailedError">org.opentest4j.AssertionFailedError: Target host is null
	at WebAPIBOTest.test_8M8IkUbRha7H_null(WebAPIBOTest.java:129)
</failure>
    <system-out><![CDATA[Request method:	GET
Request URI:	null/null/api/Pet/null/null/api/Pet
Proxy:			<none>
Request params:	<none>
Query params:	<none>
Form params:	<none>
Path params:	<none>
Headers:		Accept=*/*
Cookies:		<none>
Multiparts:		<none>
Body:			<none>
]]></system-out>
    <system-err><![CDATA[Target host is null
]]></system-err>
  </testcase>
  <testcase name="test_a8pxlWXxfrdh_null" classname="WebAPIBOTest" time="0.043">
    <failure message="Target host is null" type="org.opentest4j.AssertionFailedError">org.opentest4j.AssertionFailedError: Target host is null
	at WebAPIBOTest.test_a8pxlWXxfrdh_null(WebAPIBOTest.java:60)
</failure>
    <system-out><![CDATA[Request method:	POST
Request URI:	null/null/api/Category/null/null/api/Category
Proxy:			<none>
Request params:	<none>
Query params:	<none>
Form params:	<none>
Path params:	<none>
Headers:		Accept=*/*
				Content-Type=application/json
Cookies:		<none>
Multiparts:		<none>
Body:
{
    "id": 1866636770,
    "name": "H"
}
]]></system-out>
    <system-err><![CDATA[Target host is null
]]></system-err>
  </testcase>
  <testcase name="test_6FpKUmCRbFY6_null" classname="WebAPIBOTest" time="0.026">
    <failure message="Target host is null" type="org.opentest4j.AssertionFailedError">org.opentest4j.AssertionFailedError: Target host is null
	at WebAPIBOTest.test_6FpKUmCRbFY6_null(WebAPIBOTest.java:84)
</failure>
    <system-out><![CDATA[Request method:	PUT
Request URI:	null/null/api/Category/null/null/api/Category
Proxy:			<none>
Request params:	<none>
Query params:	<none>
Form params:	<none>
Path params:	<none>
Headers:		Accept=*/*
				Content-Type=application/json
Cookies:		<none>
Multiparts:		<none>
Body:
{
    "id": -1463773086,
    "name": "RTmYBz"
}
]]></system-out>
    <system-err><![CDATA[Target host is null
]]></system-err>
  </testcase>
  <testcase name="test_uGKOqlJkN8A7_null" classname="WebAPIBOTest" time="0.028">
    <failure message="Target host is null" type="org.opentest4j.AssertionFailedError">org.opentest4j.AssertionFailedError: Target host is null
	at WebAPIBOTest.test_uGKOqlJkN8A7_null(WebAPIBOTest.java:222)
</failure>
    <system-out><![CDATA[Request method:	PUT
Request URI:	null/null/api/PhotoUrl/null/null/api/PhotoUrl
Proxy:			<none>
Request params:	<none>
Query params:	<none>
Form params:	<none>
Path params:	<none>
Headers:		Accept=*/*
				Content-Type=application/json
Cookies:		<none>
Multiparts:		<none>
Body:
{
    "id": 648022785,
    "url": "yHF"
}
]]></system-out>
    <system-err><![CDATA[Target host is null
]]></system-err>
  </testcase>
  <testcase name="test_z0sAFL8ibW8I_null" classname="WebAPIBOTest" time="0.011">
    <error message="Illegal character in path at index 23: null/null/api/PhotoUrl/{id}/null/null/api/PhotoUrl/-819327397" type="java.net.URISyntaxException">java.net.URISyntaxException: Illegal character in path at index 23: null/null/api/PhotoUrl/{id}/null/null/api/PhotoUrl/-819327397
	at WebAPIBOTest.test_z0sAFL8ibW8I_null(WebAPIBOTest.java:238)
</error>
  </testcase>
  <testcase name="test_G8QRbdgqMen7_null" classname="WebAPIBOTest" time="0.011">
    <error message="Illegal character in path at index 23: null/null/api/Category/{id}/null/null/api/Category/-521892454" type="java.net.URISyntaxException">java.net.URISyntaxException: Illegal character in path at index 23: null/null/api/Category/{id}/null/null/api/Category/-521892454
	at WebAPIBOTest.test_G8QRbdgqMen7_null(WebAPIBOTest.java:100)
</error>
  </testcase>
  <testcase name="test_BwJkXOkP8isI_null" classname="WebAPIBOTest" time="0.017">
    <failure message="Target host is null" type="org.opentest4j.AssertionFailedError">org.opentest4j.AssertionFailedError: Target host is null
	at WebAPIBOTest.test_BwJkXOkP8isI_null(WebAPIBOTest.java:174)
</failure>
    <system-out><![CDATA[Request method:	GET
Request URI:	null/null/api/PhotoUrl/null/null/api/PhotoUrl
Proxy:			<none>
Request params:	<none>
Query params:	<none>
Form params:	<none>
Path params:	<none>
Headers:		Accept=*/*
Cookies:		<none>
Multiparts:		<none>
Body:			<none>
]]></system-out>
    <system-err><![CDATA[Target host is null
]]></system-err>
  </testcase>
</testsuite>